app/build/intermediates/manifest_merge_blame_file/debug/manifest-merger-blame-debug-report.txt
1<?xml version="1.0" encoding="utf-8"?>
2<manifest xmlns:android="http://schemas.android.com/apk/res/android"
3    package="com.moonpi.swiftnotes"
4    android:versionCode="11"
5    android:versionName="3.1.4" >
6
7    <uses-sdk
8        android:minSdkVersion="16"
8-->src/main/AndroidManifest.xml
9        android:targetSdkVersion="28" />
9-->src/main/AndroidManifest.xml
10
11    <uses-permission android:name="android.permission.READ_EXTERNAL_STORAGE" />
11-->src/main/AndroidManifest.xml:6:5-80
11-->src/main/AndroidManifest.xml:6:22-77
12    <uses-permission android:name="android.permission.WRITE_EXTERNAL_STORAGE" />
12-->src/main/AndroidManifest.xml:7:5-81
12-->src/main/AndroidManifest.xml:7:22-78
13
14    <application
14-->src/main/AndroidManifest.xml:9:5-35:19
15        android:allowBackup="true"
15-->src/main/AndroidManifest.xml:10:9-35
16        android:appComponentFactory="android.support.v4.app.CoreComponentFactory"
16-->[com.android.support:support-compat:28.0.0] AndroidManifest.xml:22:18-91
17        android:debuggable="true"
18        android:icon="@drawable/ic_launcher"
18-->src/main/AndroidManifest.xml:11:9-45
19        android:label="@string/app_name"
19-->src/main/AndroidManifest.xml:12:9-41
20        android:testOnly="true"
21        android:theme="@style/AppTheme" >
21-->src/main/AndroidManifest.xml:13:9-40
22        <activity
22-->src/main/AndroidManifest.xml:15:9-23:20
23            android:name="com.moonpi.swiftnotes.MainActivity"
23-->src/main/AndroidManifest.xml:16:13-41
24            android:configChanges="orientation|screenSize"
24-->src/main/AndroidManifest.xml:18:13-59
25            android:label="@string/app_name" >
25-->src/main/AndroidManifest.xml:17:13-45
26            <intent-filter>
26-->src/main/AndroidManifest.xml:19:13-22:29
27                <action android:name="android.intent.action.MAIN" />
27-->src/main/AndroidManifest.xml:20:17-69
27-->src/main/AndroidManifest.xml:20:25-66
28
29                <category android:name="android.intent.category.LAUNCHER" />
29-->src/main/AndroidManifest.xml:21:17-77
29-->src/main/AndroidManifest.xml:21:27-74
30            </intent-filter>
31        </activity>
32        <activity
32-->src/main/AndroidManifest.xml:25:9-33:20
33            android:name="com.moonpi.swiftnotes.EditActivity"
33-->src/main/AndroidManifest.xml:26:13-41
34            android:configChanges="orientation|screenSize"
34-->src/main/AndroidManifest.xml:28:13-59
35            android:label="@string/title_edit_notes_activity"
35-->src/main/AndroidManifest.xml:27:13-62
36            android:parentActivityName="com.moonpi.swiftnotes.MainActivity" >
36-->src/main/AndroidManifest.xml:29:13-55
37            <meta-data
37-->src/main/AndroidManifest.xml:30:13-32:70
38                android:name="android.support.PARENT_ACTIVITY"
38-->src/main/AndroidManifest.xml:31:17-63
39                android:value="com.moonpi.swiftnotes.MainActivity" />
39-->src/main/AndroidManifest.xml:32:17-67
40        </activity>
41    </application>
42
43</manifest>